[harness] backend=local network=bridge trusted=True (fix)
[harness] applied /workspaces/GW/OpenSource/oss-bug-hunter/cell-1/hunt/patches/ec-1.patch
[harness] compiling (mvn test-compile)…
[harness] running ONLY com.fasterxml.jackson.databind.repro.Repro_ec_1 via JUnit Console Launcher…
[36m╷[0m
[36m├─[0m [36mJUnit Platform Suite[0m [32m✔[0m
[36m├─[0m [36mJUnit Jupiter[0m [32m✔[0m
[36m│  └─[0m [36mRepro_ec_1[0m [32m✔[0m
[36m│     └─[0m [34mobjectIdCollectionNullIntoNullHostileSetIsReported()[0m [32m✔[0m
[36m└─[0m [36mJUnit Vintage[0m [32m✔[0m

Test run finished after 403 ms
[         4 containers found      ]
[         0 containers skipped    ]
[         4 containers started    ]
[         0 containers aborted    ]
[         4 containers successful ]
[         0 containers failed     ]
[         1 tests found           ]
[         0 tests skipped         ]
[         1 tests started         ]
[         0 tests aborted         ]
[         1 tests successful      ]
[         0 tests failed          ]


[harness] VERDICT: outcome=passed (Tests run=1, Failures=0, Errors=0, Skipped=0) [found=1 successful=1 failed=0 aborted=0 skipped=0] -> exit 0
