[orchestrate] step 1/2: does the bug reproduce on HEAD?
[harness] backend=local network=bridge trusted=True
[harness] compiling (mvn test-compile)…
[harness] running ONLY com.fasterxml.jackson.databind.repro.Repro_ec_1 via JUnit Console Launcher…
[36m╷[0m
[36m├─[0m [36mJUnit Platform Suite[0m [32m✔[0m
[36m├─[0m [36mJUnit Jupiter[0m [32m✔[0m
[36m│  └─[0m [36mRepro_ec_1[0m [32m✔[0m
[36m│     └─[0m [31mobjectIdCollectionNullIntoNullHostileSetIsReported()[0m [31m✘[0m [31m(was java.lang.NullPointerException) (through reference chain: java.util.TreeSet[1])[0m
[36m└─[0m [36mJUnit Vintage[0m [32m✔[0m

Failures (1):
  JUnit Jupiter:Repro_ec_1:objectIdCollectionNullIntoNullHostileSetIsReported()
    MethodSource [className = 'com.fasterxml.jackson.databind.repro.Repro_ec_1', methodName = 'objectIdCollectionNullIntoNullHostileSetIsReported', methodParameterTypes = '']
    => com.fasterxml.jackson.databind.JsonMappingException: (was java.lang.NullPointerException) (through reference chain: java.util.TreeSet[1])
       com.fasterxml.jackson.databind.JsonMappingException.wrapWithPath(JsonMappingException.java:400)
       com.fasterxml.jackson.databind.JsonMappingException.wrapWithPath(JsonMappingException.java:371)
       com.fasterxml.jackson.databind.deser.std.CollectionDeserializer._deserializeWithObjectId(CollectionDeserializer.java:488)
       com.fasterxml.jackson.databind.deser.std.CollectionDeserializer._deserializeFromArray(CollectionDeserializer.java:346)
       com.fasterxml.jackson.databind.deser.std.CollectionDeserializer.deserialize(CollectionDeserializer.java:245)
       [...]
     Caused by: java.lang.NullPointerException
       java.base/java.util.Objects.requireNonNull(Objects.java:233)
       java.base/java.util.TreeMap.put(TreeMap.java:844)
       java.base/java.util.TreeMap.put(TreeMap.java:569)
       java.base/java.util.TreeSet.add(TreeSet.java:259)
       com.fasterxml.jackson.databind.deser.std.CollectionDeserializer$CollectionReferringAccumulator.add(CollectionDeserializer.java:594)
       [...]

Test run finished after 286 ms
[         4 containers found      ]
[         0 containers skipped    ]
[         4 containers started    ]
[         0 containers aborted    ]
[         4 containers successful ]
[         0 containers failed     ]
[         1 tests found           ]
[         0 tests skipped         ]
[         1 tests started         ]
[         0 tests aborted         ]
[         0 tests successful      ]
[         1 tests failed          ]

[orchestrate] bug REPRODUCES ✓ — validating the fix
[orchestrate] step 2/2: fix attempt 1
[harness] backend=local network=bridge trusted=True (fix)
[harness] applied /workspaces/GW/OpenSource/oss-bug-hunter/cell-1/hunt/patches/ec-1.patch
[harness] compiling (mvn test-compile)…
[harness] running ONLY com.fasterxml.jackson.databind.repro.Repro_ec_1 via JUnit Console Launcher…
[36m╷[0m
[36m├─[0m [36mJUnit Platform Suite[0m [32m✔[0m
[36m├─[0m [36mJUnit Jupiter[0m [32m✔[0m
[36m│  └─[0m [36mRepro_ec_1[0m [32m✔[0m
[36m│     └─[0m [34mobjectIdCollectionNullIntoNullHostileSetIsReported()[0m [32m✔[0m
[36m└─[0m [36mJUnit Vintage[0m [32m✔[0m

Test run finished after 267 ms
[         4 containers found      ]
[         0 containers skipped    ]
[         4 containers started    ]
[         0 containers aborted    ]
[         4 containers successful ]
[         0 containers failed     ]
[         1 tests found           ]
[         0 tests skipped         ]
[         1 tests started         ]
[         0 tests aborted         ]
[         1 tests successful      ]
[         0 tests failed          ]

[orchestrate] VALIDATED ✓ reproduces AND fix works (attempt 1)

[orchestrate] RESULT: status=validated reproduced=True fixed=True attempts=1 -> exit 0
  reproduces and the fix makes the test pass
